TN:
SF:src/controllers/user.controller.ts
FN:5,(anonymous_8)
FN:5,(anonymous_9)
FN:21,(anonymous_10)
FN:21,(anonymous_11)
FN:39,(anonymous_12)
FN:39,(anonymous_13)
FN:43,(anonymous_14)
FN:43,(anonymous_15)
FNF:8
FNH:2
FNDA:0,(anonymous_8)
FNDA:0,(anonymous_9)
FNDA:1,(anonymous_10)
FNDA:1,(anonymous_11)
FNDA:0,(anonymous_12)
FNDA:0,(anonymous_13)
FNDA:0,(anonymous_14)
FNDA:0,(anonymous_15)
DA:2,1
DA:5,1
DA:10,0
DA:11,0
DA:13,0
DA:14,0
DA:16,0
DA:21,1
DA:22,1
DA:28,1
DA:29,1
DA:30,0
DA:32,1
DA:33,1
DA:39,1
DA:43,1
DA:47,1
LF:17
LH:11
BRF:0
BRH:0
end_of_record
TN:
SF:src/middleware/auth.middleware.ts
FN:5,(anonymous_8)
FN:5,(anonymous_9)
FN:23,(anonymous_10)
FN:23,(anonymous_11)
FNF:4
FNH:2
FNDA:1,(anonymous_8)
FNDA:1,(anonymous_9)
FNDA:0,(anonymous_10)
FNDA:0,(anonymous_11)
DA:3,1
DA:5,1
DA:6,1
DA:7,1
DA:8,1
DA:16,1
DA:18,0
DA:23,1
DA:24,0
DA:25,0
DA:26,0
DA:30,1
LF:12
LH:8
BRF:0
BRH:0
end_of_record
TN:
SF:src/middleware/validators/auth.validator.ts
FN:3,(anonymous_0)
FNF:1
FNH:0
FNDA:0,(anonymous_0)
DA:3,1
DA:4,0
DA:5,0
DA:10,1
LF:4
LH:2
BRF:0
BRH:0
end_of_record
TN:
SF:src/models/user.model.ts
FNF:0
FNH:0
DA:1,1
DA:2,1
DA:14,1
DA:24,1
DA:26,1
LF:5
LH:5
BRF:0
BRH:0
end_of_record
TN:
SF:src/routes/auth.routes.ts
FNF:0
FNH:0
DA:1,1
DA:2,1
DA:3,1
DA:4,1
DA:6,1
DA:8,1
DA:11,1
LF:7
LH:7
BRF:0
BRH:0
end_of_record
TN:
SF:src/routes/home.routes.ts
FN:5,(anonymous_0)
FNF:1
FNH:0
FNDA:0,(anonymous_0)
DA:1,1
DA:3,1
DA:5,1
DA:6,0
DA:9,1
LF:5
LH:4
BRF:0
BRH:0
end_of_record
TN:
SF:src/routes/index.ts
FNF:0
FNH:0
DA:1,1
DA:2,1
DA:4,1
DA:5,1
DA:7,1
DA:9,1
DA:10,1
DA:12,1
DA:13,1
DA:15,1
LF:10
LH:10
BRF:0
BRH:0
end_of_record
